Guest [0] ate the cupcake
Counter requested a new cupcake
Guest [3] ate the cupcake
Guest [2] tried to eat the cupcake but it wasn't there
Guest [9] tried to eat the cupcake but it wasn't there
Guest [9] tried to eat the cupcake but it wasn't there
Guest [9] tried to eat the cupcake but it wasn't there
Guest [9] tried to eat the cupcake but it wasn't there
Guest [4] tried to eat the cupcake but it wasn't there
Guest [8] tried to eat the cupcake but it wasn't there
Guest [12] tried to eat the cupcake but it wasn't there
Guest [11] tried to eat the cupcake but it wasn't there
Guest [2] tried to eat the cupcake but it wasn't there
Guest [15] tried to eat the cupcake but it wasn't there
Guest [2] tried to eat the cupcake but it wasn't there
Guest [7] tried to eat the cupcake but it wasn't there
Guest [13] tried to eat the cupcake but it wasn't there
Guest [3] has already had a cupcake
Guest [16] tried to eat the cupcake but it wasn't there
Guest [11] tried to eat the cupcake but it wasn't there
Guest [9] tried to eat the cupcake but it wasn't there
Guest [7] tried to eat the cupcake but it wasn't there
Guest [9] tried to eat the cupcake but it wasn't there
Guest [12] tried to eat the cupcake but it wasn't there
Guest [16] tried to eat the cupcake but it wasn't there
Guest [9] tried to eat the cupcake but it wasn't there
Guest [17] tried to eat the cupcake but it wasn't there
Counter requested a new cupcake
Guest [19] ate the cupcake
Guest [7] tried to eat the cupcake but it wasn't there
Guest [8] tried to eat the cupcake but it wasn't there
Guest [18] tried to eat the cupcake but it wasn't there
Guest [18] tried to eat the cupcake but it wasn't there
Guest [14] tried to eat the cupcake but it wasn't there
Guest [13] tried to eat the cupcake but it wasn't there
Guest [16] tried to eat the cupcake but it wasn't there
Guest [15] tried to eat the cupcake but it wasn't there
Guest [3] has already had a cupcake
Guest [8] tried to eat the cupcake but it wasn't there
Guest [12] tried to eat the cupcake but it wasn't there
Guest [1] tried to eat the cupcake but it wasn't there
Guest [12] tried to eat the cupcake but it wasn't there
Guest [18] tried to eat the cupcake but it wasn't there
Guest [17] tried to eat the cupcake but it wasn't there
Guest [7] tried to eat the cupcake but it wasn't there
Guest [18] tried to eat the cupcake but it wasn't there
Guest [3] has already had a cupcake
Guest [19] has already had a cupcake
Guest [4] tried to eat the cupcake but it wasn't there
Guest [11] tried to eat the cupcake but it wasn't there
Guest [12] tried to eat the cupcake but it wasn't there
Guest [2] tried to eat the cupcake but it wasn't there
Guest [7] tried to eat the cupcake but it wasn't there
Guest [4] tried to eat the cupcake but it wasn't there
Guest [1] tried to eat the cupcake but it wasn't there
Guest [16] tried to eat the cupcake but it wasn't there
Guest [19] has already had a cupcake
Guest [15] tried to eat the cupcake but it wasn't there
Counter requested a new cupcake
Guest [8] ate the cupcake
Guest [3] has already had a cupcake
Guest [6] tried to eat the cupcake but it wasn't there
Guest [12] tried to eat the cupcake but it wasn't there
Guest [5] tried to eat the cupcake but it wasn't there
Guest [9] tried to eat the cupcake but it wasn't there
Guest [14] tried to eat the cupcake but it wasn't there
Guest [1] tried to eat the cupcake but it wasn't there
Guest [3] has already had a cupcake
Guest [9] tried to eat the cupcake but it wasn't there
Guest [12] tried to eat the cupcake but it wasn't there
Guest [9] tried to eat the cupcake but it wasn't there
Guest [15] tried to eat the cupcake but it wasn't there
Guest [14] tried to eat the cupcake but it wasn't there
Guest [19] has already had a cupcake
Guest [7] tried to eat the cupcake but it wasn't there
Guest [14] tried to eat the cupcake but it wasn't there
Guest [9] tried to eat the cupcake but it wasn't there
Guest [9] tried to eat the cupcake but it wasn't there
Guest [1] tried to eat the cupcake but it wasn't there
Guest [10] tried to eat the cupcake but it wasn't there
Guest [5] tried to eat the cupcake but it wasn't there
Guest [6] tried to eat the cupcake but it wasn't there
Guest [18] tried to eat the cupcake but it wasn't there
Guest [3] has already had a cupcake
Guest [3] has already had a cupcake
Guest [1] tried to eat the cupcake but it wasn't there
Guest [19] has already had a cupcake
Guest [17] tried to eat the cupcake but it wasn't there
Counter requested a new cupcake
Guest [13] ate the cupcake
Guest [18] tried to eat the cupcake but it wasn't there
Guest [17] tried to eat the cupcake but it wasn't there
Guest [5] tried to eat the cupcake but it wasn't there
Guest [16] tried to eat the cupcake but it wasn't there
Guest [13] has already had a cupcake
Guest [1] tried to eat the cupcake but it wasn't there
Guest [4] tried to eat the cupcake but it wasn't there
Guest [19] has already had a cupcake
Guest [11] tried to eat the cupcake but it wasn't there
Counter requested a new cupcake
Guest [1] ate the cupcake
Counter requested a new cupcake
Guest [2] ate the cupcake
Guest [18] tried to eat the cupcake but it wasn't there
Guest [13] has already had a cupcake
Guest [1] has already had a cupcake
Guest [2] has already had a cupcake
Guest [8] has already had a cupcake
Guest [15] tried to eat the cupcake but it wasn't there
Guest [6] tried to eat the cupcake but it wasn't there
Guest [19] has already had a cupcake
Guest [13] has already had a cupcake
Guest [1] has already had a cupcake
Guest [10] tried to eat the cupcake but it wasn't there
Guest [16] tried to eat the cupcake but it wasn't there
Guest [16] tried to eat the cupcake but it wasn't there
Guest [3] has already had a cupcake
Guest [8] has already had a cupcake
Guest [15] tried to eat the cupcake but it wasn't there
Guest [17] tried to eat the cupcake but it wasn't there
Guest [8] has already had a cupcake
Guest [4] tried to eat the cupcake but it wasn't there
Guest [5] tried to eat the cupcake but it wasn't there
Guest [5] tried to eat the cupcake but it wasn't there
Guest [3] has already had a cupcake
Guest [16] tried to eat the cupcake but it wasn't there
Guest [1] has already had a cupcake
Guest [8] has already had a cupcake
Guest [12] tried to eat the cupcake but it wasn't there
Guest [16] tried to eat the cupcake but it wasn't there
Guest [13] has already had a cupcake
Guest [10] tried to eat the cupcake but it wasn't there
Guest [18] tried to eat the cupcake but it wasn't there
Guest [10] tried to eat the cupcake but it wasn't there
Guest [1] has already had a cupcake
Guest [15] tried to eat the cupcake but it wasn't there
Guest [1] has already had a cupcake
Guest [4] tried to eat the cupcake but it wasn't there
Guest [7] tried to eat the cupcake but it wasn't there
Guest [13] has already had a cupcake
Guest [2] has already had a cupcake
Guest [5] tried to eat the cupcake but it wasn't there
Guest [11] tried to eat the cupcake but it wasn't there
Guest [17] tried to eat the cupcake but it wasn't there
Guest [10] tried to eat the cupcake but it wasn't there
Guest [13] has already had a cupcake
Guest [8] has already had a cupcake
Guest [10] tried to eat the cupcake but it wasn't there
Guest [7] tried to eat the cupcake but it wasn't there
Guest [5] tried to eat the cupcake but it wasn't there
Guest [17] tried to eat the cupcake but it wasn't there
Guest [3] has already had a cupcake
Guest [19] has already had a cupcake
Guest [12] tried to eat the cupcake but it wasn't there
Guest [19] has already had a cupcake
Guest [10] tried to eat the cupcake but it wasn't there
Guest [15] tried to eat the cupcake but it wasn't there
Guest [11] tried to eat the cupcake but it wasn't there
Guest [5] tried to eat the cupcake but it wasn't there
Guest [17] tried to eat the cupcake but it wasn't there
Guest [13] has already had a cupcake
Guest [11] tried to eat the cupcake but it wasn't there
Guest [14] tried to eat the cupcake but it wasn't there
Guest [4] tried to eat the cupcake but it wasn't there
Guest [2] has already had a cupcake
Guest [5] tried to eat the cupcake but it wasn't there
Guest [1] has already had a cupcake
Guest [8] has already had a cupcake
Guest [2] has already had a cupcake
Guest [19] has already had a cupcake
Guest [11] tried to eat the cupcake but it wasn't there
Guest [3] has already had a cupcake
Guest [5] tried to eat the cupcake but it wasn't there
Guest [15] tried to eat the cupcake but it wasn't there
Guest [16] tried to eat the cupcake but it wasn't there
Guest [15] tried to eat the cupcake but it wasn't there
Guest [4] tried to eat the cupcake but it wasn't there
Guest [13] has already had a cupcake
Guest [16] tried to eat the cupcake but it wasn't there
Guest [14] tried to eat the cupcake but it wasn't there
Guest [8] has already had a cupcake
Guest [16] tried to eat the cupcake but it wasn't there
Guest [19] has already had a cupcake
Guest [8] has already had a cupcake
Guest [17] tried to eat the cupcake but it wasn't there
Guest [12] tried to eat the cupcake but it wasn't there
Guest [13] has already had a cupcake
Guest [12] tried to eat the cupcake but it wasn't there
Guest [16] tried to eat the cupcake but it wasn't there
Guest [8] has already had a cupcake
Guest [16] tried to eat the cupcake but it wasn't there
Guest [12] tried to eat the cupcake but it wasn't there
Guest [16] tried to eat the cupcake but it wasn't there
Guest [14] tried to eat the cupcake but it wasn't there
Guest [15] tried to eat the cupcake but it wasn't there
Guest [2] has already had a cupcake
Guest [8] has already had a cupcake
Counter requested a new cupcake
Guest [3] has already had a cupcake
Guest [11] ate the cupcake
Guest [18] tried to eat the cupcake but it wasn't there
Guest [7] tried to eat the cupcake but it wasn't there
Guest [13] has already had a cupcake
Counter requested a new cupcake
Guest [4] ate the cupcake
Guest [19] has already had a cupcake
Guest [2] has already had a cupcake
Guest [19] has already had a cupcake
Guest [4] has already had a cupcake
Guest [4] has already had a cupcake
Guest [8] has already had a cupcake
Counter requested a new cupcake
Guest [5] ate the cupcake
Guest [7] tried to eat the cupcake but it wasn't there
Guest [3] has already had a cupcake
Guest [10] tried to eat the cupcake but it wasn't there
Guest [18] tried to eat the cupcake but it wasn't there
Guest [10] tried to eat the cupcake but it wasn't there
Guest [5] has already had a cupcake
Guest [12] tried to eat the cupcake but it wasn't there
Guest [8] has already had a cupcake
Guest [18] tried to eat the cupcake but it wasn't there
Guest [3] has already had a cupcake
Guest [3] has already had a cupcake
Guest [4] has already had a cupcake
Guest [2] has already had a cupcake
Guest [13] has already had a cupcake
Guest [17] tried to eat the cupcake but it wasn't there
Guest [15] tried to eat the cupcake but it wasn't there
Guest [14] tried to eat the cupcake but it wasn't there
Guest [4] has already had a cupcake
Guest [4] has already had a cupcake
Guest [9] tried to eat the cupcake but it wasn't there
Guest [15] tried to eat the cupcake but it wasn't there
Guest [15] tried to eat the cupcake but it wasn't there
Guest [3] has already had a cupcake
Guest [2] has already had a cupcake
Guest [2] has already had a cupcake
Guest [8] has already had a cupcake
Guest [18] tried to eat the cupcake but it wasn't there
Guest [18] tried to eat the cupcake but it wasn't there
Guest [4] has already had a cupcake
Guest [7] tried to eat the cupcake but it wasn't there
Guest [12] tried to eat the cupcake but it wasn't there
Guest [8] has already had a cupcake
Guest [6] tried to eat the cupcake but it wasn't there
Guest [18] tried to eat the cupcake but it wasn't there
Guest [7] tried to eat the cupcake but it wasn't there
Guest [1] has already had a cupcake
Guest [14] tried to eat the cupcake but it wasn't there
Guest [1] has already had a cupcake
Guest [11] has already had a cupcake
Guest [16] tried to eat the cupcake but it wasn't there
Guest [18] tried to eat the cupcake but it wasn't there
Counter requested a new cupcake
Guest [12] ate the cupcake
Guest [14] tried to eat the cupcake but it wasn't there
Guest [13] has already had a cupcake
Guest [5] has already had a cupcake
Guest [14] tried to eat the cupcake but it wasn't there
Guest [3] has already had a cupcake
Guest [17] tried to eat the cupcake but it wasn't there
Guest [19] has already had a cupcake
Guest [9] tried to eat the cupcake but it wasn't there
Guest [2] has already had a cupcake
Guest [7] tried to eat the cupcake but it wasn't there
Guest [7] tried to eat the cupcake but it wasn't there
Counter requested a new cupcake
Guest [1] has already had a cupcake
Guest [15] ate the cupcake
Guest [19] has already had a cupcake
Guest [14] tried to eat the cupcake but it wasn't there
Guest [9] tried to eat the cupcake but it wasn't there
Guest [16] tried to eat the cupcake but it wasn't there
Guest [17] tried to eat the cupcake but it wasn't there
Guest [17] tried to eat the cupcake but it wasn't there
Guest [3] has already had a cupcake
Guest [2] has already had a cupcake
Guest [2] has already had a cupcake
Guest [7] tried to eat the cupcake but it wasn't there
Guest [16] tried to eat the cupcake but it wasn't there
Guest [14] tried to eat the cupcake but it wasn't there
Guest [19] has already had a cupcake
Guest [8] has already had a cupcake
Guest [1] has already had a cupcake
Guest [1] has already had a cupcake
Guest [13] has already had a cupcake
Guest [11] has already had a cupcake
Guest [5] has already had a cupcake
Guest [5] has already had a cupcake
Guest [17] tried to eat the cupcake but it wasn't there
Guest [13] has already had a cupcake
Guest [11] has already had a cupcake
Guest [15] has already had a cupcake
Guest [14] tried to eat the cupcake but it wasn't there
Guest [2] has already had a cupcake
Guest [17] tried to eat the cupcake but it wasn't there
Guest [16] tried to eat the cupcake but it wasn't there
Guest [14] tried to eat the cupcake but it wasn't there
Guest [9] tried to eat the cupcake but it wasn't there
Guest [17] tried to eat the cupcake but it wasn't there
Guest [8] has already had a cupcake
Guest [1] has already had a cupcake
Guest [16] tried to eat the cupcake but it wasn't there
Guest [10] tried to eat the cupcake but it wasn't there
Guest [5] has already had a cupcake
Guest [7] tried to eat the cupcake but it wasn't there
Guest [4] has already had a cupcake
Counter requested a new cupcake
Guest [16] ate the cupcake
Counter requested a new cupcake
Guest [18] ate the cupcake
Guest [6] tried to eat the cupcake but it wasn't there
Guest [19] has already had a cupcake
Guest [15] has already had a cupcake
Guest [12] has already had a cupcake
Guest [17] tried to eat the cupcake but it wasn't there
Guest [18] has already had a cupcake
Guest [5] has already had a cupcake
Guest [9] tried to eat the cupcake but it wasn't there
Guest [7] tried to eat the cupcake but it wasn't there
Guest [10] tried to eat the cupcake but it wasn't there
Guest [12] has already had a cupcake
Guest [4] has already had a cupcake
Guest [3] has already had a cupcake
Guest [10] tried to eat the cupcake but it wasn't there
Guest [4] has already had a cupcake
Guest [9] tried to eat the cupcake but it wasn't there
Guest [2] has already had a cupcake
Guest [18] has already had a cupcake
Guest [2] has already had a cupcake
Guest [17] tried to eat the cupcake but it wasn't there
Guest [15] has already had a cupcake
Counter requested a new cupcake
Guest [8] has already had a cupcake
Guest [4] has already had a cupcake
Guest [10] ate the cupcake
Guest [5] has already had a cupcake
Guest [8] has already had a cupcake
Counter requested a new cupcake
Guest [2] has already had a cupcake
Guest [12] has already had a cupcake
Guest [13] has already had a cupcake
Guest [7] ate the cupcake
Guest [14] tried to eat the cupcake but it wasn't there
Guest [15] has already had a cupcake
Guest [13] has already had a cupcake
Guest [2] has already had a cupcake
Guest [2] has already had a cupcake
Guest [4] has already had a cupcake
Guest [10] has already had a cupcake
Guest [9] tried to eat the cupcake but it wasn't there
Guest [18] has already had a cupcake
Guest [12] has already had a cupcake
Guest [10] has already had a cupcake
Guest [4] has already had a cupcake
Guest [3] has already had a cupcake
Guest [19] has already had a cupcake
Guest [12] has already had a cupcake
Guest [6] tried to eat the cupcake but it wasn't there
Guest [12] has already had a cupcake
Guest [10] has already had a cupcake
Guest [14] tried to eat the cupcake but it wasn't there
Guest [6] tried to eat the cupcake but it wasn't there
Guest [11] has already had a cupcake
Guest [8] has already had a cupcake
Guest [12] has already had a cupcake
Guest [6] tried to eat the cupcake but it wasn't there
Guest [15] has already had a cupcake
Guest [16] has already had a cupcake
Guest [10] has already had a cupcake
Guest [3] has already had a cupcake
Guest [16] has already had a cupcake
Guest [7] has already had a cupcake
Guest [14] tried to eat the cupcake but it wasn't there
Guest [17] tried to eat the cupcake but it wasn't there
Guest [10] has already had a cupcake
Guest [16] has already had a cupcake
Guest [5] has already had a cupcake
Guest [9] tried to eat the cupcake but it wasn't there
Guest [6] tried to eat the cupcake but it wasn't there
Guest [6] tried to eat the cupcake but it wasn't there
Guest [2] has already had a cupcake
Guest [3] has already had a cupcake
Guest [9] tried to eat the cupcake but it wasn't there
Guest [7] has already had a cupcake
Guest [9] tried to eat the cupcake but it wasn't there
Guest [9] tried to eat the cupcake but it wasn't there
Guest [9] tried to eat the cupcake but it wasn't there
Guest [17] tried to eat the cupcake but it wasn't there
Guest [10] has already had a cupcake
Counter requested a new cupcake
Guest [19] has already had a cupcake
Guest [18] has already had a cupcake
Guest [4] has already had a cupcake
Guest [1] has already had a cupcake
Guest [16] has already had a cupcake
Guest [6] ate the cupcake
Guest [10] has already had a cupcake
Guest [3] has already had a cupcake
Guest [11] has already had a cupcake
Guest [8] has already had a cupcake
Guest [11] has already had a cupcake
Guest [2] has already had a cupcake
Guest [12] has already had a cupcake
Guest [7] has already had a cupcake
Guest [19] has already had a cupcake
Guest [17] tried to eat the cupcake but it wasn't there
Guest [1] has already had a cupcake
Guest [4] has already had a cupcake
Guest [14] tried to eat the cupcake but it wasn't there
Guest [15] has already had a cupcake
Guest [3] has already had a cupcake
Guest [7] has already had a cupcake
Guest [10] has already had a cupcake
Guest [8] has already had a cupcake
Guest [1] has already had a cupcake
Guest [14] tried to eat the cupcake but it wasn't there
Guest [2] has already had a cupcake
Guest [6] has already had a cupcake
Guest [10] has already had a cupcake
Guest [17] tried to eat the cupcake but it wasn't there
Guest [5] has already had a cupcake
Guest [12] has already had a cupcake
Guest [18] has already had a cupcake
Guest [2] has already had a cupcake
Guest [11] has already had a cupcake
Guest [18] has already had a cupcake
Guest [6] has already had a cupcake
Guest [17] tried to eat the cupcake but it wasn't there
Guest [4] has already had a cupcake
Guest [18] has already had a cupcake
Guest [8] has already had a cupcake
Guest [14] tried to eat the cupcake but it wasn't there
Guest [18] has already had a cupcake
Guest [16] has already had a cupcake
Counter requested a new cupcake
Guest [2] has already had a cupcake
Guest [5] has already had a cupcake
Guest [6] has already had a cupcake
Guest [2] has already had a cupcake
Guest [11] has already had a cupcake
Guest [4] has already had a cupcake
Guest [5] has already had a cupcake
Guest [2] has already had a cupcake
Guest [6] has already had a cupcake
Guest [10] has already had a cupcake
Guest [13] has already had a cupcake
Guest [15] has already had a cupcake
Guest [11] has already had a cupcake
Guest [5] has already had a cupcake
Guest [1] has already had a cupcake
Guest [7] has already had a cupcake
Guest [6] has already had a cupcake
Guest [19] has already had a cupcake
Guest [14] ate the cupcake
Guest [1] has already had a cupcake
Guest [8] has already had a cupcake
Guest [7] has already had a cupcake
Guest [3] has already had a cupcake
Guest [3] has already had a cupcake
Guest [10] has already had a cupcake
Guest [11] has already had a cupcake
Guest [1] has already had a cupcake
Guest [1] has already had a cupcake
Guest [1] has already had a cupcake
Guest [2] has already had a cupcake
Guest [14] has already had a cupcake
Guest [11] has already had a cupcake
Guest [2] has already had a cupcake
Guest [16] has already had a cupcake
Guest [18] has already had a cupcake
Guest [6] has already had a cupcake
Guest [11] has already had a cupcake
Guest [16] has already had a cupcake
Guest [7] has already had a cupcake
Guest [12] has already had a cupcake
Guest [8] has already had a cupcake
Guest [14] has already had a cupcake
Guest [14] has already had a cupcake
Guest [10] has already had a cupcake
Guest [10] has already had a cupcake
Guest [6] has already had a cupcake
Guest [18] has already had a cupcake
Guest [8] has already had a cupcake
Guest [3] has already had a cupcake
Guest [17] tried to eat the cupcake but it wasn't there
Guest [17] tried to eat the cupcake but it wasn't there
Guest [3] has already had a cupcake
Guest [16] has already had a cupcake
Guest [1] has already had a cupcake
Guest [3] has already had a cupcake
Guest [18] has already had a cupcake
Guest [16] has already had a cupcake
Guest [13] has already had a cupcake
Guest [1] has already had a cupcake
Counter requested a new cupcake
Guest [5] has already had a cupcake
Guest [3] has already had a cupcake
Guest [15] has already had a cupcake
Guest [2] has already had a cupcake
Guest [18] has already had a cupcake
Guest [13] has already had a cupcake
Guest [4] has already had a cupcake
Guest [3] has already had a cupcake
Guest [6] has already had a cupcake
Guest [15] has already had a cupcake
Guest [4] has already had a cupcake
Guest [7] has already had a cupcake
Guest [15] has already had a cupcake
Guest [13] has already had a cupcake
Guest [1] has already had a cupcake
Guest [8] has already had a cupcake
Guest [11] has already had a cupcake
Guest [18] has already had a cupcake
Guest [17] ate the cupcake
Counter requested a new cupcake
Guest [1] has already had a cupcake
Guest [3] has already had a cupcake
Guest [1] has already had a cupcake
Guest [13] has already had a cupcake
Guest [17] has already had a cupcake
Guest [12] has already had a cupcake
Guest [1] has already had a cupcake
Guest [12] has already had a cupcake
Guest [12] has already had a cupcake
Guest [13] has already had a cupcake
Guest [11] has already had a cupcake
Guest [18] has already had a cupcake
Guest [3] has already had a cupcake
Guest [13] has already had a cupcake
Guest [3] has already had a cupcake
Guest [17] has already had a cupcake
Guest [17] has already had a cupcake
Guest [19] has already had a cupcake
Guest [15] has already had a cupcake
Guest [7] has already had a cupcake
Guest [2] has already had a cupcake
Guest [15] has already had a cupcake
Guest [4] has already had a cupcake
Guest [11] has already had a cupcake
Guest [12] has already had a cupcake
Guest [10] has already had a cupcake
Guest [16] has already had a cupcake
Guest [15] has already had a cupcake
Guest [2] has already had a cupcake
Guest [3] has already had a cupcake
Guest [6] has already had a cupcake
Guest [12] has already had a cupcake
Guest [12] has already had a cupcake
Guest [6] has already had a cupcake
Guest [17] has already had a cupcake
Guest [2] has already had a cupcake
Guest [6] has already had a cupcake
Guest [9] ate the cupcake
Guest [17] has already had a cupcake
Guest [8] has already had a cupcake
Guest [8] has already had a cupcake
Guest [15] has already had a cupcake
Guest [19] has already had a cupcake
Guest [1] has already had a cupcake
Guest [16] has already had a cupcake
Guest [11] has already had a cupcake
Guest [17] has already had a cupcake
Guest [10] has already had a cupcake
Guest [5] has already had a cupcake
Guest [15] has already had a cupcake
Guest [4] has already had a cupcake
Guest [10] has already had a cupcake
Guest [6] has already had a cupcake
Guest [11] has already had a cupcake
Guest [5] has already had a cupcake
Guest [9] has already had a cupcake
Guest [12] has already had a cupcake
Guest [14] has already had a cupcake
Guest [10] has already had a cupcake
Guest [5] has already had a cupcake
Guest [7] has already had a cupcake
Guest [12] has already had a cupcake
Guest [8] has already had a cupcake
Guest [12] has already had a cupcake
Guest [7] has already had a cupcake
Guest [3] has already had a cupcake
Guest [6] has already had a cupcake
Guest [17] has already had a cupcake
Guest [1] has already had a cupcake
Guest [8] has already had a cupcake
Guest [9] has already had a cupcake
Guest [7] has already had a cupcake
Guest [16] has already had a cupcake
Guest [7] has already had a cupcake
Guest [11] has already had a cupcake
Guest [16] has already had a cupcake
Guest [8] has already had a cupcake
Guest [11] has already had a cupcake
Guest [17] has already had a cupcake
Guest [19] has already had a cupcake
Guest [13] has already had a cupcake
Guest [8] has already had a cupcake
The counter has reached the number of guests!
Every guest has had a cupcake!
